<?xml version="1.0" encoding="UTF-8"?>
<testsuite xmlns:xsi="http://www.w3.org/2001/XMLSchema-instance" xsi:noNamespaceSchemaLocation="https://maven.apache.org/surefire/maven-surefire-plugin/xsd/surefire-test-report-3.0.xsd" version="3.0" name="pe.edu.pucp.softres.business.ReservaxMesaBOTest" time="4.733" tests="2" errors="0" skipped="0" failures="0">
  <properties>
[...]
</properties>
  <testcase name="testInsertar" classname="pe.edu.pucp.softres.business.ReservaxMesaBOTest" time="2.261">
    <system-err><![CDATA[jun. 25, 2025 1:58:50 A. M. pe.edu.pucp.softres.daoImp.DAOImplBase ejecutarModificacionEnBD
INFO: com.mysql.cj.jdbc.CallableStatement: INSERT INTO RES_RESERVAS_x_MESAS(RESERVA_ID, MESA_ID) VALUES (2, 2)
jun. 25, 2025 1:58:51 A. M. pe.edu.pucp.softres.daoImp.DAOImplBase ejecutarModificacionEnBD
INFO: com.mysql.cj.jdbc.CallableStatement: DELETE FROM RES_RESERVAS_x_MESAS WHERE RESERVA_ID = 2 AND MESA_ID =2 
]]></system-err>
  </testcase>
  <testcase name="testEliminar" classname="pe.edu.pucp.softres.business.ReservaxMesaBOTest" time="2.472">
    <system-err><![CDATA[jun. 25, 2025 1:58:52 A. M. pe.edu.pucp.softres.daoImp.DAOImplBase ejecutarModificacionEnBD
INFO: com.mysql.cj.jdbc.CallableStatement: INSERT INTO RES_RESERVAS_x_MESAS(RESERVA_ID, MESA_ID) VALUES (2, 2)
jun. 25, 2025 1:58:54 A. M. pe.edu.pucp.softres.daoImp.DAOImplBase ejecutarModificacionEnBD
INFO: com.mysql.cj.jdbc.CallableStatement: DELETE FROM RES_RESERVAS_x_MESAS WHERE RESERVA_ID = 2 AND MESA_ID =2 
]]></system-err>
  </testcase>
</testsuite>