<?xml version="1.0" encoding="UTF-8"?>
<testsuite xmlns:xsi="http://www.w3.org/2001/XMLSchema-instance" xsi:noNamespaceSchemaLocation="https://maven.apache.org/surefire/maven-surefire-plugin/xsd/surefire-test-report-3.0.xsd" version="3.0" name="pe.edu.pucp.softres.business.NotificacionBOTest" time="0.049" tests="5" errors="0" skipped="0" failures="0">
  <properties>
[...]
</properties>
  <testcase name="testInsertar" classname="pe.edu.pucp.softres.business.NotificacionBOTest" time="0.01">
    <system-err><![CDATA[jun 27, 2025 2:50:46 P.M. pe.edu.pucp.softres.daoImp.DAOImplBase ejecutarModificacionEnBD
INFO: com.mysql.cj.jdbc.CallableStatement: INSERT INTO RES_NOTIFICACIONES(USUARIO_ID, MENSAJE, LEIDA, TIPO_NOTIFICACION, ESTADO) VALUES (3, 'Notificacion de Insercion', 0, 'RECORDATORIO', 'PENDIENTE')
]]></system-err>
  </testcase>
  <testcase name="testModificar" classname="pe.edu.pucp.softres.business.NotificacionBOTest" time="0.013">
    <system-err><![CDATA[jun 27, 2025 2:50:46 P.M. pe.edu.pucp.softres.daoImp.DAOImplBase ejecutarModificacionEnBD
INFO: com.mysql.cj.jdbc.CallableStatement: UPDATE RES_NOTIFICACIONES SET MENSAJE='Notificacion modificada', LEIDA=0, TIPO_NOTIFICACION='RECORDATORIO', ESTADO='PENDIENTE' WHERE NOTIFICACION_ID=7 AND USUARIO_ID=3
]]></system-err>
  </testcase>
  <testcase name="testListar" classname="pe.edu.pucp.softres.business.NotificacionBOTest" time="0.007"/>
  <testcase name="testObtenerPorId" classname="pe.edu.pucp.softres.business.NotificacionBOTest" time="0.007"/>
  <testcase name="testEliminar" classname="pe.edu.pucp.softres.business.NotificacionBOTest" time="0.01">
    <system-err><![CDATA[jun 27, 2025 2:50:46 P.M. pe.edu.pucp.softres.daoImp.DAOImplBase ejecutarModificacionEnBD
INFO: com.mysql.cj.jdbc.CallableStatement: UPDATE RES_NOTIFICACIONES SET ESTADO = 'FALLIDO' WHERE NOTIFICACION_ID = 7 AND USUARIO_ID = 3
]]></system-err>
  </testcase>
</testsuite>