<?xml version="1.0" encoding="UTF-8"?>
<testsuite xmlns:xsi="http://www.w3.org/2001/XMLSchema-instance" xsi:noNamespaceSchemaLocation="https://maven.apache.org/surefire/maven-surefire-plugin/xsd/surefire-test-report-3.0.xsd" version="3.0" name="pe.edu.pucp.softres.business.UsuarioBOTest" time="0.097" tests="8" errors="0" skipped="0" failures="0">
  <properties>
[...]
</properties>
  <testcase name="testInsertar" classname="pe.edu.pucp.softres.business.UsuarioBOTest" time="0.023">
    <system-err><![CDATA[jul 02, 2025 4:44:40 P.M. pe.edu.pucp.softres.daoImp.DAOImplBase ejecutarModificacionEnBD
INFO: com.mysql.cj.jdbc.CallableStatement: INSERT INTO RES_USUARIOS(ROL_ID, TIPO_DOC_ID, NOMBRE_COMP, NUMERO_DOC, CONTRASENA, EMAIL, TELEFONO, SUELDO, FECHA_CONTRATACION, CANT_RESERVAS, ESTADO, FECHA_CREACION, USUARIO_CREACION, FECHA_MODIFICACION, USUARIO_MODIFICACION) VALUES (3, 3, 'Usuario Test', '53995077', '4gNlWrJeMOQEZjk80sp5vg==', 'test9@example.com', '999999999', 130.0, '2025-07-02 16:44:40.284', 0, 1, '2025-07-02 16:44:40.284', 'test_insertar', NULL, NULL)
]]></system-err>
  </testcase>
  <testcase name="testObtenerPorId" classname="pe.edu.pucp.softres.business.UsuarioBOTest" time="0.006"/>
  <testcase name="testModificar" classname="pe.edu.pucp.softres.business.UsuarioBOTest" time="0.019">
    <system-err><![CDATA[jul 02, 2025 4:44:40 P.M. pe.edu.pucp.softres.daoImp.DAOImplBase ejecutarModificacionEnBD
INFO: com.mysql.cj.jdbc.CallableStatement: UPDATE RES_USUARIOS SET ROL_ID=3, TIPO_DOC_ID=3, NOMBRE_COMP='Usuario Modificado', NUMERO_DOC='53995077', CONTRASENA='4gNlWrJeMOQEZjk80sp5vg==', EMAIL='test9@example.com', TELEFONO='999999999', SUELDO=130.0, FECHA_CONTRATACION='2025-07-02 16:44:40', CANT_RESERVAS=0, ESTADO=1, FECHA_CREACION='2025-07-02 16:44:40', USUARIO_CREACION='test_insertar', FECHA_MODIFICACION='2025-07-02 16:44:40.319', USUARIO_MODIFICACION='test_modificacion' WHERE USUARIO_ID=13
]]></system-err>
  </testcase>
  <testcase name="testListar" classname="pe.edu.pucp.softres.business.UsuarioBOTest" time="0.008"/>
  <testcase name="testEliminar" classname="pe.edu.pucp.softres.business.UsuarioBOTest" time="0.015">
    <system-err><![CDATA[jul 02, 2025 4:44:40 P.M. pe.edu.pucp.softres.daoImp.DAOImplBase ejecutarModificacionEnBD
INFO: com.mysql.cj.jdbc.CallableStatement: UPDATE RES_USUARIOS SET ESTADO =0,   FECHA_MODIFICACION ='2025-07-02 16:44:40.346',  USUARIO_MODIFICACION = 'test_eliminar' WHERE USUARIO_ID=13
]]></system-err>
  </testcase>
  <testcase name="testExisteDocumento" classname="pe.edu.pucp.softres.business.UsuarioBOTest" time="0.007"/>
  <testcase name="testLogin" classname="pe.edu.pucp.softres.business.UsuarioBOTest" time="0.007"/>
  <testcase name="testExisteEmail" classname="pe.edu.pucp.softres.business.UsuarioBOTest" time="0.007"/>
</testsuite>