<?xml version="1.0" encoding="UTF-8"?>
<testsuite xmlns:xsi="http://www.w3.org/2001/XMLSchema-instance" xsi:noNamespaceSchemaLocation="https://maven.apache.org/surefire/maven-surefire-plugin/xsd/surefire-test-report-3.0.xsd" version="3.0" name="pe.edu.pucp.softres.business.UsuarioBOTest" time="17.277" tests="8" errors="0" skipped="0" failures="0">
  <properties>
[...]
</properties>
  <testcase name="testInsertar" classname="pe.edu.pucp.softres.business.UsuarioBOTest" time="2.983">
    <system-out><![CDATA[Intentando insertar usuario con documento: 00013174 y email: test13174@example.com
Usuario insertado exitosamente con ID: 24
]]></system-out>
    <system-err><![CDATA[jul. 02, 2025 6:46:55 P. M. pe.edu.pucp.softres.daoImp.DAOImplBase ejecutarModificacionEnBD
INFO: com.mysql.cj.jdbc.CallableStatement: INSERT INTO RES_USUARIOS(ROL_ID, TIPO_DOC_ID, NOMBRE_COMP, NUMERO_DOC, CONTRASENA, EMAIL, TELEFONO, SUELDO, FECHA_CONTRATACION, CANT_RESERVAS, ESTADO, FECHA_CREACION, USUARIO_CREACION, FECHA_MODIFICACION, USUARIO_MODIFICACION) VALUES (3, 3, 'Usuario Test', '00013174', '4gNlWrJeMOQEZjk80sp5vg==', 'test13174@example.com', '999999999', 130.0, '2025-07-02 18:46:53.177', 0, 1, '2025-07-02 18:46:53.177', 'test_insertar', NULL, NULL)
]]></system-err>
  </testcase>
  <testcase name="testObtenerPorId" classname="pe.edu.pucp.softres.business.UsuarioBOTest" time="0.849"/>
  <testcase name="testModificar" classname="pe.edu.pucp.softres.business.UsuarioBOTest" time="3.675">
    <system-err><![CDATA[jul. 02, 2025 6:46:59 P. M. pe.edu.pucp.softres.daoImp.DAOImplBase ejecutarModificacionEnBD
INFO: com.mysql.cj.jdbc.CallableStatement: UPDATE RES_USUARIOS SET ROL_ID=3, TIPO_DOC_ID=3, NOMBRE_COMP='Usuario Modificado', NUMERO_DOC='00013174', CONTRASENA='4gNlWrJeMOQEZjk80sp5vg==', EMAIL='test13174@example.com', TELEFONO='999999999', SUELDO=130.0, FECHA_CONTRATACION='2025-07-02 18:46:53', CANT_RESERVAS=0, ESTADO=1, FECHA_CREACION='2025-07-02 18:46:53', USUARIO_CREACION='test_insertar', FECHA_MODIFICACION='2025-07-02 18:46:57.853', USUARIO_MODIFICACION='test_modificacion' WHERE USUARIO_ID=24
]]></system-err>
  </testcase>
  <testcase name="testListar" classname="pe.edu.pucp.softres.business.UsuarioBOTest" time="0.857">
    <system-out><![CDATA[=== Test: Listar Usuarios ===
Buscando usuario con ID: 24
Total usuarios encontrados: 19
Usuarios en la lista:
- ID: 1, Nombre: Juan Pérez, Estado: true, Email: juan.pérez@mail.com
- ID: 5, Nombre: Pedro Ramírez, Estado: true, Email: pedro.ramírez@mail.com
- ID: 6, Nombre: Lucía Díaz, Estado: true, Email: lucia.diaz@mail.com
- ID: 7, Nombre: Carlos Flores, Estado: true, Email: carlos.flores@mail.com
- ID: 9, Nombre: Andrés Vargas, Estado: true, Email: andres.vargas@mail.com
- ID: 10, Nombre: Rosa La Cruz, Estado: true, Email: rosita.44.07@gmail.com
- ID: 11, Nombre: Administrador, Estado: true, Email: wosclb@gmail.com
- ID: 12, Nombre: Renata Ruiz, Estado: true, Email: renata.ruiz@mail.com
- ID: 24, Nombre: Usuario Modificado, Estado: true, Email: test13174@example.com
- ID: 2, Nombre: María Gómez, Estado: false, Email: maria.gomez@mail.com
- ID: 3, Nombre: Luis Sánchez, Estado: false, Email: luis.sanchez@mail.com
- ID: 4, Nombre: Ana Torres, Estado: false, Email: ana.torres@mail.com
- ID: 8, Nombre: Elena Rojas, Estado: false, Email: elena.rojas@mail.com
- ID: 13, Nombre: Usuario Modificado, Estado: false, Email: test6@example.com
- ID: 19, Nombre: Usuario Modificado, Estado: false, Email: test625104@example.com
- ID: 20, Nombre: Usuario Modificado, Estado: false, Email: test387278@example.com
- ID: 21, Nombre: Usuario Modificado, Estado: false, Email: test156382@example.com
- ID: 22, Nombre: Usuario Modificado, Estado: false, Email: test258496@example.com
- ID: 23, Nombre: Usuario Modificado, Estado: false, Email: test989787@example.com
Usuario encontrado exitosamente en la lista
]]></system-out>
  </testcase>
  <testcase name="testEliminar" classname="pe.edu.pucp.softres.business.UsuarioBOTest" time="3.724">
    <system-err><![CDATA[jul. 02, 2025 6:47:04 P. M. pe.edu.pucp.softres.daoImp.DAOImplBase ejecutarModificacionEnBD
INFO: com.mysql.cj.jdbc.CallableStatement: UPDATE RES_USUARIOS SET ESTADO = 0, FECHA_MODIFICACION = '2025-07-02 18:47:02.389', USUARIO_MODIFICACION = 'test_eliminar' WHERE USUARIO_ID = 24
]]></system-err>
  </testcase>
  <testcase name="testExisteDocumento" classname="pe.edu.pucp.softres.business.UsuarioBOTest" time="0.845"/>
  <testcase name="testLogin" classname="pe.edu.pucp.softres.business.UsuarioBOTest" time="2.321"/>
  <testcase name="testExisteEmail" classname="pe.edu.pucp.softres.business.UsuarioBOTest" time="2.018"/>
</testsuite>