<?xml version="1.0" encoding="UTF-8"?>
<testsuite xmlns:xsi="http://www.w3.org/2001/XMLSchema-instance" xsi:noNamespaceSchemaLocation="https://maven.apache.org/surefire/maven-surefire-plugin/xsd/surefire-test-report-3.0.xsd" version="3.0" name="pe.edu.pucp.softres.business.FilaEsperaBOTest" time="0.255" tests="12" errors="0" skipped="0" failures="0">
  <properties>
[...]
</properties>
  <testcase name="testInsertarFilaEspera_Success" classname="pe.edu.pucp.softres.business.FilaEsperaBOTest" time="0.029">
    <system-out><![CDATA[=== Test: Insertar Fila de Espera ===
Fila de espera creada con ID: 6
]]></system-out>
    <system-err><![CDATA[jul 03, 2025 1:13:36 A.M. pe.edu.pucp.softres.daoImp.DAOImplBase ejecutarModificacionEnBD
INFO: com.mysql.cj.jdbc.CallableStatement: INSERT INTO RES_FILASESPERA(USUARIO_ID, LOCAL_ID, TIPO_RESERVA, CANT_PERSONAS, TMESA_ID, FECHA_HORA_DESEADA, FECHA_REGISTRO, FECHA_NOTIFICACION, ESTADO, OBSERVACIONES) VALUES (3, 1, 'COMUN', 4, 2, '2025-07-04 19:00:00', '2025-07-03 01:13:36.348', NULL, 'PENDIENTE', 'Solicitud creada para test')
jul 03, 2025 1:13:36 A.M. pe.edu.pucp.softres.daoImp.DAOImplBase ejecutarModificacionEnBD
INFO: com.mysql.cj.jdbc.CallableStatement: INSERT INTO RES_NOTIFICACIONES(USUARIO_ID, MENSAJE, LEIDA, TIPO_NOTIFICACION, ESTADO) VALUES (3, 'Su solicitud ha sido agregada a la lista de espera. Le notificaremos cuando haya disponibilidad.', 0, 'CONFIRMACION', 'PENDIENTE')
]]></system-err>
  </testcase>
  <testcase name="testInsertarFilaEsperaVIP_Success" classname="pe.edu.pucp.softres.business.FilaEsperaBOTest" time="0.021">
    <system-out><![CDATA[=== Test: Insertar Fila de Espera VIP ===
Fila de espera VIP creada con ID: 7
]]></system-out>
    <system-err><![CDATA[jul 03, 2025 1:13:36 A.M. pe.edu.pucp.softres.daoImp.DAOImplBase ejecutarModificacionEnBD
INFO: com.mysql.cj.jdbc.CallableStatement: INSERT INTO RES_FILASESPERA(USUARIO_ID, LOCAL_ID, TIPO_RESERVA, CANT_PERSONAS, TMESA_ID, FECHA_HORA_DESEADA, FECHA_REGISTRO, FECHA_NOTIFICACION, ESTADO, OBSERVACIONES) VALUES (5, 1, 'EVENTO', 20, 3, '2025-07-04 19:00:00', '2025-07-03 01:13:36.373', NULL, 'PENDIENTE', 'Solicitud creada para test')
jul 03, 2025 1:13:36 A.M. pe.edu.pucp.softres.daoImp.DAOImplBase ejecutarModificacionEnBD
INFO: com.mysql.cj.jdbc.CallableStatement: INSERT INTO RES_NOTIFICACIONES(USUARIO_ID, MENSAJE, LEIDA, TIPO_NOTIFICACION, ESTADO) VALUES (5, 'Su solicitud ha sido agregada a la lista de espera. Le notificaremos cuando haya disponibilidad.', 0, 'CONFIRMACION', 'PENDIENTE')
]]></system-err>
  </testcase>
  <testcase name="testInsertarFilaEspera_Validaciones" classname="pe.edu.pucp.softres.business.FilaEsperaBOTest" time="0.003">
    <system-out><![CDATA[=== Test: Validaciones de Inserción ===
Todas las validaciones pasaron correctamente
]]></system-out>
  </testcase>
  <testcase name="testObtenerPorId_Success" classname="pe.edu.pucp.softres.business.FilaEsperaBOTest" time="0.006">
    <system-out><![CDATA[=== Test: Obtener por ID ===
Fila obtenida correctamente
]]></system-out>
  </testcase>
  <testcase name="testObtenerPorId_Validaciones" classname="pe.edu.pucp.softres.business.FilaEsperaBOTest" time="0.002">
    <system-out><![CDATA[=== Test: Validaciones Obtener por ID ===
Validaciones de obtener por ID pasaron correctamente
]]></system-out>
  </testcase>
  <testcase name="testListarPendientesPorPrioridad" classname="pe.edu.pucp.softres.business.FilaEsperaBOTest" time="0.044">
    <system-out><![CDATA[=== Test: Listar Pendientes por Prioridad ===
Total de solicitudes pendientes: 3
]]></system-out>
  </testcase>
  <testcase name="testBuscarSiguienteCompatible" classname="pe.edu.pucp.softres.business.FilaEsperaBOTest" time="0.048">
    <system-out><![CDATA[=== Test: Buscar Siguiente Compatible ===
Siguiente compatible encontrado: 1
]]></system-out>
  </testcase>
  <testcase name="testNotificarSiguiente" classname="pe.edu.pucp.softres.business.FilaEsperaBOTest" time="0.051">
    <system-out><![CDATA[=== Test: Notificar Siguiente ===
Notificación enviada: true
]]></system-out>
    <system-err><![CDATA[jul 03, 2025 1:13:36 A.M. pe.edu.pucp.softres.daoImp.DAOImplBase ejecutarModificacionEnBD
INFO: com.mysql.cj.jdbc.CallableStatement: UPDATE RES_FILASESPERA SET USUARIO_ID=5, LOCAL_ID=1, TIPO_RESERVA='COMUN', CANT_PERSONAS=4, TMESA_ID=2, FECHA_HORA_DESEADA='2025-07-04 01:13:09', FECHA_REGISTRO='2025-07-03 01:13:09', FECHA_NOTIFICACION='2025-07-03 01:13:36.54', ESTADO='NOTIFICADO', OBSERVACIONES='Cliente VIP esperando mesa en la terraza.' WHERE FILA_ID=1
jul 03, 2025 1:13:36 A.M. pe.edu.pucp.softres.daoImp.DAOImplBase ejecutarModificacionEnBD
INFO: com.mysql.cj.jdbc.CallableStatement: INSERT INTO RES_NOTIFICACIONES(USUARIO_ID, MENSAJE, LEIDA, TIPO_NOTIFICACION, ESTADO) VALUES (5, '¡Buenas noticias! Ahora hay disponibilidad para su reserva en null. Contáctenos para confirmar dentro de las próximas 2 horas.', 0, 'CONFIRMACION', 'PENDIENTE')
]]></system-err>
  </testcase>
  <testcase name="testModificar_Success" classname="pe.edu.pucp.softres.business.FilaEsperaBOTest" time="0.017">
    <system-out><![CDATA[=== Test: Modificar Fila de Espera ===
Modificación realizada correctamente
]]></system-out>
    <system-err><![CDATA[jul 03, 2025 1:13:36 A.M. pe.edu.pucp.softres.daoImp.DAOImplBase ejecutarModificacionEnBD
INFO: com.mysql.cj.jdbc.CallableStatement: UPDATE RES_FILASESPERA SET USUARIO_ID=3, LOCAL_ID=1, TIPO_RESERVA='COMUN', CANT_PERSONAS=4, TMESA_ID=2, FECHA_HORA_DESEADA='2025-07-04 19:00:00', FECHA_REGISTRO='2025-07-03 01:13:36', FECHA_NOTIFICACION=NULL, ESTADO='PENDIENTE', OBSERVACIONES='Observaciones modificadas para test' WHERE FILA_ID=6
]]></system-err>
  </testcase>
  <testcase name="testModificar_Validaciones" classname="pe.edu.pucp.softres.business.FilaEsperaBOTest" time="0.001">
    <system-out><![CDATA[=== Test: Validaciones de Modificación ===
Validaciones de modificación pasaron correctamente
]]></system-out>
  </testcase>
  <testcase name="testEliminar_Success" classname="pe.edu.pucp.softres.business.FilaEsperaBOTest" time="0.016">
    <system-out><![CDATA[=== Test: Eliminar Fila de Espera (Eliminación Lógica) ===
Eliminación lógica exitosa
]]></system-out>
    <system-err><![CDATA[jul 03, 2025 1:13:36 A.M. pe.edu.pucp.softres.daoImp.DAOImplBase ejecutarModificacionEnBD
INFO: com.mysql.cj.jdbc.CallableStatement: UPDATE RES_FILASESPERA SET USUARIO_ID=3, LOCAL_ID=1, TIPO_RESERVA='COMUN', CANT_PERSONAS=4, TMESA_ID=2, FECHA_HORA_DESEADA='2025-07-04 19:00:00', FECHA_REGISTRO='2025-07-03 01:13:36', FECHA_NOTIFICACION=NULL, ESTADO='CANCELADO', OBSERVACIONES='Observaciones modificadas para test' WHERE FILA_ID=6
]]></system-err>
  </testcase>
  <testcase name="testConfirmarDisponibilidad_Validaciones" classname="pe.edu.pucp.softres.business.FilaEsperaBOTest" time="0.007">
    <system-out><![CDATA[=== Test: Validaciones Confirmar Disponibilidad ===
Validaciones de confirmación pasaron correctamente
]]></system-out>
  </testcase>
</testsuite>