<?xml version="1.0" encoding="UTF-8"?>
<testsuite xmlns:xsi="http://www.w3.org/2001/XMLSchema-instance" xsi:noNamespaceSchemaLocation="https://maven.apache.org/surefire/maven-surefire-plugin/xsd/surefire-test-report-3.0.xsd" version="3.0" name="pe.edu.pucp.softres.business.ReservaxMesaBOTest" time="0.227" tests="12" errors="0" skipped="0" failures="0">
  <properties>
[...]
</properties>
  <testcase name="testCrearReservaParaPruebas" classname="pe.edu.pucp.softres.business.ReservaxMesaBOTest" time="0.054">
    <system-out><![CDATA[=== Test: Crear Reserva para Pruebas ===
Verificación de disponibilidad: true (Mesas necesarias: 1, Disponibles: 5, Conflicto horario: false)
=== DEBUG asignarMesasAReserva ===
reservaId: 14
reserva: not null
Reserva verificada: ID=14 existe en BD
Local ID: 1
Tipo Mesa ID: 1
Número de mesas necesarias: 1
Buscando mesas con parámetros: Local=1, Estado=DISPONIBLE, TipoMesa=1
Mesas encontradas: 5
Iniciando asignación de 1 mesa(s)
Procesando mesa 1 - M-101
Resultado modificar mesa: 1
Insertando relación: reserva=14, mesa=1
Resultado insertar relación: 1
Mesa 1 asignada a reserva 14
Asignación exitosa. Mesas asignadas: 1/1
Mesas asignadas exitosamente para la reserva 14
Reserva insertada exitosamente con ID: 14
Reserva creada con ID: 14
]]></system-out>
    <system-err><![CDATA[jul 02, 2025 9:20:46 P.M. pe.edu.pucp.softres.daoImp.DAOImplBase ejecutarModificacionEnBD
INFO: com.mysql.cj.jdbc.CallableStatement: INSERT INTO RES_RESERVAS(USUARIO_ID, LOCAL_ID, FILA_ID, TIPO_RESERVA, FECHA_HORA_REGISTRO, CANT_PERSONAS, TMESA_ID, NUM_MESAS, OBSERVACIONES, ESTADO, MOTIVO_CANCELACION_ID, NOMBRE_EVENTO, DESCP_EVENTO, FECHA_CREACION, USUARIO_CREACION, FECHA_MODIFICACION, USUARIO_MODIFICACION) VALUES (2, 1, NULL, 'COMUN', '2025-07-03 19:00:00', 2, 1, 1, 'Reserva para test', 'PENDIENTE', NULL, NULL, NULL, '2025-07-02 21:20:46.119', 'test_system', NULL, NULL)
jul 02, 2025 9:20:46 P.M. pe.edu.pucp.softres.daoImp.DAOImplBase ejecutarModificacionEnBD
INFO: com.mysql.cj.jdbc.CallableStatement: UPDATE RES_MESAS SET LOCAL_ID=1, TMESA_ID=1, NUMEROMESA='M-101', CAPACIDAD=2, ESTADO='RESERVADA', X=8, Y=4, FECHA_CREACION='2024-02-01 00:00:00', USUARIO_CREACION='admin@empresa.com', FECHA_MODIFICACION='2025-07-02 21:20:46.149', USUARIO_MODIFICACION='sistema_reservas' WHERE MESA_ID=1
jul 02, 2025 9:20:46 P.M. pe.edu.pucp.softres.daoImp.DAOImplBase ejecutarModificacionEnBD
INFO: com.mysql.cj.jdbc.CallableStatement: INSERT INTO RES_RESERVAS_x_MESAS(RESERVA_ID, MESA_ID) VALUES (14, 1)
jul 02, 2025 9:20:46 P.M. pe.edu.pucp.softres.daoImp.DAOImplBase ejecutarModificacionEnBD
INFO: com.mysql.cj.jdbc.CallableStatement: INSERT INTO RES_NOTIFICACIONES(USUARIO_ID, MENSAJE, LEIDA, TIPO_NOTIFICACION, ESTADO) VALUES (2, 'Su reserva ha sido registrada exitosamente para el Thu Jul 03 19:00:00 PET 2025', 0, 'CONFIRMACION', 'PENDIENTE')
]]></system-err>
  </testcase>
  <testcase name="testVerificarDisponibilidadMesas_Success" classname="pe.edu.pucp.softres.business.ReservaxMesaBOTest" time="0.006">
    <system-out><![CDATA[=== Test: Verificar Disponibilidad de Mesas ===
Disponibilidad confirmada: 4 mesas disponibles para 1 necesarias
Disponibilidad verificada correctamente
]]></system-out>
  </testcase>
  <testcase name="testVerificarDisponibilidadMesas_Validaciones" classname="pe.edu.pucp.softres.business.ReservaxMesaBOTest" time="0.001">
    <system-out><![CDATA[=== Test: Validaciones Verificar Disponibilidad ===
Validaciones de disponibilidad pasaron correctamente
]]></system-out>
    <system-err><![CDATA[Reserva es null para verificar disponibilidad
Local no especificado para verificar disponibilidad
Tipo de mesa no especificado para verificar disponibilidad
]]></system-err>
  </testcase>
  <testcase name="testAsignarMesasAReserva_Success" classname="pe.edu.pucp.softres.business.ReservaxMesaBOTest" time="0.035">
    <system-out><![CDATA[=== Test: Asignar Mesas a Reserva ===
=== DEBUG asignarMesasAReserva ===
reservaId: 14
reserva: not null
Reserva verificada: ID=14 existe en BD
Local ID: 1
Tipo Mesa ID: 1
Número de mesas necesarias: 1
Buscando mesas con parámetros: Local=1, Estado=DISPONIBLE, TipoMesa=1
Mesas encontradas: 4
Iniciando asignación de 1 mesa(s)
Procesando mesa 2 - M-102
Resultado modificar mesa: 1
Insertando relación: reserva=14, mesa=2
Resultado insertar relación: 1
Mesa 2 asignada a reserva 14
Asignación exitosa. Mesas asignadas: 1/1
Obtenidas 2 mesas para reserva 14
Mesas asignadas correctamente: 2
]]></system-out>
    <system-err><![CDATA[jul 02, 2025 9:20:46 P.M. pe.edu.pucp.softres.daoImp.DAOImplBase ejecutarModificacionEnBD
INFO: com.mysql.cj.jdbc.CallableStatement: UPDATE RES_MESAS SET LOCAL_ID=1, TMESA_ID=1, NUMEROMESA='M-102', CAPACIDAD=2, ESTADO='RESERVADA', X=8, Y=5, FECHA_CREACION='2024-02-01 00:00:00', USUARIO_CREACION='admin@empresa.com', FECHA_MODIFICACION='2025-07-02 21:20:46.191', USUARIO_MODIFICACION='sistema_reservas' WHERE MESA_ID=2
jul 02, 2025 9:20:46 P.M. pe.edu.pucp.softres.daoImp.DAOImplBase ejecutarModificacionEnBD
INFO: com.mysql.cj.jdbc.CallableStatement: INSERT INTO RES_RESERVAS_x_MESAS(RESERVA_ID, MESA_ID) VALUES (14, 2)
]]></system-err>
  </testcase>
  <testcase name="testAsignarMesasAReserva_Validaciones" classname="pe.edu.pucp.softres.business.ReservaxMesaBOTest" time="0.001">
    <system-out><![CDATA[=== Test: Validaciones Asignar Mesas ===
=== DEBUG asignarMesasAReserva ===
reservaId: null
reserva: not null
=== DEBUG asignarMesasAReserva ===
reservaId: -1
reserva: not null
=== DEBUG asignarMesasAReserva ===
reservaId: 999
reserva: null
Validaciones de asignación pasaron correctamente
]]></system-out>
    <system-err><![CDATA[ID de reserva inválido: null
ID de reserva inválido: -1
Datos de reserva son null
]]></system-err>
  </testcase>
  <testcase name="testObtenerMesasDeReserva_Success" classname="pe.edu.pucp.softres.business.ReservaxMesaBOTest" time="0.015">
    <system-out><![CDATA[=== Test: Obtener Mesas de Reserva ===
Obtenidas 2 mesas para reserva 14
Mesas obtenidas correctamente: 2
]]></system-out>
  </testcase>
  <testcase name="testObtenerMesasDeReserva_Validaciones" classname="pe.edu.pucp.softres.business.ReservaxMesaBOTest" time="0.005">
    <system-out><![CDATA[=== Test: Validaciones Obtener Mesas ===
Obtenidas 0 mesas para reserva 99999
Validaciones de obtener mesas pasaron correctamente
]]></system-out>
    <system-err><![CDATA[ID de reserva inválido para obtener mesas: null
ID de reserva inválido para obtener mesas: -1
]]></system-err>
  </testcase>
  <testcase name="testCambiarEstadoMesasReserva_Success" classname="pe.edu.pucp.softres.business.ReservaxMesaBOTest" time="0.039">
    <system-out><![CDATA[=== Test: Cambiar Estado de Mesas ===
Cambio de estado exitoso para reserva 14 a estado EN_USO
Obtenidas 2 mesas para reserva 14
Estado de mesas cambiado correctamente
]]></system-out>
    <system-err><![CDATA[jul 02, 2025 9:20:46 P.M. pe.edu.pucp.softres.daoImp.DAOImplBase ejecutarModificacionEnBD
INFO: com.mysql.cj.jdbc.CallableStatement: UPDATE RES_MESAS SET LOCAL_ID=1, TMESA_ID=1, NUMEROMESA='M-101', CAPACIDAD=2, ESTADO='EN_USO', X=8, Y=4, FECHA_CREACION='2024-02-01 00:00:00', USUARIO_CREACION='admin@empresa.com', FECHA_MODIFICACION='2025-07-02 21:20:46.249', USUARIO_MODIFICACION='sistema_reservas' WHERE MESA_ID=1
jul 02, 2025 9:20:46 P.M. pe.edu.pucp.softres.daoImp.DAOImplBase ejecutarModificacionEnBD
INFO: com.mysql.cj.jdbc.CallableStatement: UPDATE RES_MESAS SET LOCAL_ID=1, TMESA_ID=1, NUMEROMESA='M-102', CAPACIDAD=2, ESTADO='EN_USO', X=8, Y=5, FECHA_CREACION='2024-02-01 00:00:00', USUARIO_CREACION='admin@empresa.com', FECHA_MODIFICACION='2025-07-02 21:20:46.257', USUARIO_MODIFICACION='sistema_reservas' WHERE MESA_ID=2
]]></system-err>
  </testcase>
  <testcase name="testCambiarEstadoMesasReserva_Validaciones" classname="pe.edu.pucp.softres.business.ReservaxMesaBOTest" time="0.0">
    <system-out><![CDATA[=== Test: Validaciones Cambiar Estado ===
Validaciones de cambio de estado pasaron correctamente
]]></system-out>
    <system-err><![CDATA[ID de reserva inválido para cambiar estado: null
Estado no puede ser null
]]></system-err>
  </testcase>
  <testcase name="testObtenerEstadisticasOcupacion_Success" classname="pe.edu.pucp.softres.business.ReservaxMesaBOTest" time="0.023">
    <system-out><![CDATA[=== Test: Obtener Estadísticas de Ocupación ===
Estadísticas obtenidas para local 1
Estadísticas obtenidas correctamente
DISPONIBLE: 6
RESERVADA: 0
EN_USO: 3
EN_MANTENIMIENTO: 0
DESECHADA: 0
]]></system-out>
  </testcase>
  <testcase name="testLiberarMesasDeReserva_Success" classname="pe.edu.pucp.softres.business.ReservaxMesaBOTest" time="0.037">
    <system-out><![CDATA[=== Test: Liberar Mesas de Reserva ===
Liberación de mesas exitosa para reserva 14
Obtenidas 0 mesas para reserva 14
Mesas liberadas correctamente
]]></system-out>
    <system-err><![CDATA[jul 02, 2025 9:20:46 P.M. pe.edu.pucp.softres.daoImp.DAOImplBase ejecutarModificacionEnBD
INFO: com.mysql.cj.jdbc.CallableStatement: UPDATE RES_MESAS SET LOCAL_ID=1, TMESA_ID=1, NUMEROMESA='M-101', CAPACIDAD=2, ESTADO='DISPONIBLE', X=8, Y=4, FECHA_CREACION='2024-02-01 00:00:00', USUARIO_CREACION='admin@empresa.com', FECHA_MODIFICACION='2025-07-02 21:20:46.311', USUARIO_MODIFICACION='sistema_liberacion' WHERE MESA_ID=1
jul 02, 2025 9:20:46 P.M. pe.edu.pucp.softres.daoImp.DAOImplBase ejecutarModificacionEnBD
INFO: com.mysql.cj.jdbc.CallableStatement: DELETE FROM RES_RESERVAS_x_MESAS WHERE RESERVA_ID = 14 AND MESA_ID = 1
jul 02, 2025 9:20:46 P.M. pe.edu.pucp.softres.daoImp.DAOImplBase ejecutarModificacionEnBD
INFO: com.mysql.cj.jdbc.CallableStatement: UPDATE RES_MESAS SET LOCAL_ID=1, TMESA_ID=1, NUMEROMESA='M-102', CAPACIDAD=2, ESTADO='DISPONIBLE', X=8, Y=5, FECHA_CREACION='2024-02-01 00:00:00', USUARIO_CREACION='admin@empresa.com', FECHA_MODIFICACION='2025-07-02 21:20:46.324', USUARIO_MODIFICACION='sistema_liberacion' WHERE MESA_ID=2
jul 02, 2025 9:20:46 P.M. pe.edu.pucp.softres.daoImp.DAOImplBase ejecutarModificacionEnBD
INFO: com.mysql.cj.jdbc.CallableStatement: DELETE FROM RES_RESERVAS_x_MESAS WHERE RESERVA_ID = 14 AND MESA_ID = 2
]]></system-err>
  </testcase>
  <testcase name="testLiberarMesasDeReserva_Validaciones" classname="pe.edu.pucp.softres.business.ReservaxMesaBOTest" time="0.004">
    <system-out><![CDATA[=== Test: Validaciones Liberar Mesas ===
No hay mesas asignadas a la reserva 99999
Validaciones de liberación pasaron correctamente
]]></system-out>
    <system-err><![CDATA[ID de reserva inválido para liberar mesas: null
ID de reserva inválido para liberar mesas: -1
]]></system-err>
  </testcase>
</testsuite>