<?xml version="1.0" encoding="UTF-8"?>
<testsuite xmlns:xsi="http://www.w3.org/2001/XMLSchema-instance" xsi:noNamespaceSchemaLocation="https://maven.apache.org/surefire/maven-surefire-plugin/xsd/surefire-test-report-3.0.xsd" version="3.0" name="pe.edu.pucp.softres.db.util.CifradoTest" time="0.011" tests="4" errors="0" skipped="0" failures="0">
  <properties>
[...]
</properties>
  <testcase name="testDescifrar" classname="pe.edu.pucp.softres.db.util.CifradoTest" time="0.002">
    <system-out><![CDATA[descifrarMD5
Chifa2432
]]></system-out>
  </testcase>
  <testcase name="testDescifrarMD5" classname="pe.edu.pucp.softres.db.util.CifradoTest" time="0.001">
    <system-out><![CDATA[descifrarMD5
]]></system-out>
  </testcase>
  <testcase name="testCifrarMD5" classname="pe.edu.pucp.softres.db.util.CifradoTest" time="0.001">
    <system-out><![CDATA[cifrarMD5
3J+Mv8WgCCNHU2xfbZGGog==
]]></system-out>
  </testcase>
  <testcase name="testCifrar" classname="pe.edu.pucp.softres.db.util.CifradoTest" time="0.001">
    <system-out><![CDATA[cifrarMD5
TnLG/PF8FaQ0Pr0MEb7HRM3/tOzxVskY
]]></system-out>
  </testcase>
</testsuite>