<?xml version="1.0" encoding="UTF-8"?>
<testsuite xmlns:xsi="http://www.w3.org/2001/XMLSchema-instance" xsi:noNamespaceSchemaLocation="https://maven.apache.org/surefire/maven-surefire-plugin/xsd/surefire-test-report-3.0.xsd" version="3.0" name="pe.edu.pucp.softres.db.util.CifradoTest" time="0.009" tests="3" errors="0" skipped="0" failures="0">
  <properties>
[...]
</properties>
  <testcase name="testDescifrar" classname="pe.edu.pucp.softres.db.util.CifradoTest" time="0.003">
    <system-out><![CDATA[descifrarMD5
Chifa1212
]]></system-out>
  </testcase>
  <testcase name="testDescifrarMD5" classname="pe.edu.pucp.softres.db.util.CifradoTest" time="0.002">
    <system-out><![CDATA[descifrarMD5
]]></system-out>
  </testcase>
  <testcase name="testCifrarMD5" classname="pe.edu.pucp.softres.db.util.CifradoTest" time="0.001">
    <system-out><![CDATA[cifrarMD5
IY+ZCZ81sdI5rjz/OrNSMg==
]]></system-out>
  </testcase>
</testsuite>